Determining if the CL_VERSION_2_0 exist failed with the following output:
Change Dir: /Users/garychen/Documents/CS184/FluidFlow/build/CMakeFiles/CMakeTmp

Run Build Command:"/usr/bin/make" "cmTC_c155f/fast"
/Library/Developer/CommandLineTools/usr/bin/make -f CMakeFiles/cmTC_c155f.dir/build.make CMakeFiles/cmTC_c155f.dir/build
Building C object CMakeFiles/cmTC_c155f.dir/CheckSymbolExists.c.o
/Library/Developer/CommandLineTools/usr/bin/cc     -o CMakeFiles/cmTC_c155f.dir/CheckSymbolExists.c.o   -c /Users/garychen/Documents/CS184/FluidFlow/build/CMakeFiles/CMakeTmp/CheckSymbolExists.c
/Users/garychen/Documents/CS184/FluidFlow/build/CMakeFiles/CMakeTmp/CheckSymbolExists.c:8:19: error: use of undeclared identifier 'CL_VERSION_2_0'
  return ((int*)(&CL_VERSION_2_0))[argc];
                  ^
1 error generated.
make[1]: *** [CMakeFiles/cmTC_c155f.dir/CheckSymbolExists.c.o] Error 1
make: *** [cmTC_c155f/fast] Error 2

File /Users/garychen/Documents/CS184/FluidFlow/build/CMakeFiles/CMakeTmp/CheckSymbolExists.c:
/* */
#include </System/Library/Frameworks/OpenCL.framework/Headers/cl.h>

int main(int argc, char** argv)
{
  (void)argv;
#ifndef CL_VERSION_2_0
  return ((int*)(&CL_VERSION_2_0))[argc];
#else
  (void)argc;
  return 0;
#endif
}

